This is pdfTeX, Version 3.141592653-2.6-1.40.22 (MiKTeX 21.6) (preloaded format=pdflatex 2021.7.13)  23 JUL 2024 10:07
entering extended mode
**./paper.tex
(paper.tex
LaTeX2e <2021-06-01>
L3 programming layer <2021-06-01> (llncs.cls
Document Class: llncs 2024/01/29 v2.24 
 LaTeX document class for Lecture Notes in Computer Science
(C:\Users\rhurtadoo\AppData\Local\Programs\MiKTeX\tex/latex/base\article.cls
Document Class: article 2021/02/12 v1.4n Standard LaTeX document class
(C:\Users\rhurtadoo\AppData\Local\Programs\MiKTeX\tex/latex/base\size10.clo
File: size10.clo 2021/02/12 v1.4n Standard LaTeX file (size option)
)
\c@part=\count182
\c@section=\count183
\c@subsection=\count184
\c@subsubsection=\count185
\c@paragraph=\count186
\c@subparagraph=\count187
\c@figure=\count188
\c@table=\count189
\abovecaptionskip=\skip47
\belowcaptionskip=\skip48
\bibindent=\dimen138
)
(C:\Users\rhurtadoo\AppData\Local\Programs\MiKTeX\tex/latex/tools\multicol.sty
Package: multicol 2019/12/09 v1.8y multicolumn formatting (FMi)
\c@tracingmulticols=\count190
\mult@box=\box50
\multicol@leftmargin=\dimen139
\c@unbalance=\count191
\c@collectmore=\count192
\doublecol@number=\count193
\multicoltolerance=\count194
\multicolpretolerance=\count195
\full@width=\dimen140
\page@free=\dimen141
\premulticols=\dimen142
\postmulticols=\dimen143
\multicolsep=\skip49
\multicolbaselineskip=\skip50
\partial@page=\box51
\last@line=\box52
\maxbalancingoverflow=\dimen144
\mult@rightbox=\box53
\mult@grightbox=\box54
\mult@gfirstbox=\box55
\mult@firstbox=\box56
\@tempa=\box57
\@tempa=\box58
\@tempa=\box59
\@tempa=\box60
\@tempa=\box61
\@tempa=\box62
\@tempa=\box63
\@tempa=\box64
\@tempa=\box65
\@tempa=\box66
\@tempa=\box67
\@tempa=\box68
\@tempa=\box69
\@tempa=\box70
\@tempa=\box71
\@tempa=\box72
\@tempa=\box73
\@tempa=\box74
\@tempa=\box75
\@tempa=\box76
\@tempa=\box77
\@tempa=\box78
\@tempa=\box79
\@tempa=\box80
\@tempa=\box81
\@tempa=\box82
\@tempa=\box83
\@tempa=\box84
\@tempa=\box85
\@tempa=\box86
\@tempa=\box87
\@tempa=\box88
\@tempa=\box89
\@tempa=\box90
\@tempa=\box91
\@tempa=\box92
\@tempa=\box93
\c@minrows=\count196
\c@columnbadness=\count197
\c@finalcolumnbadness=\count198
\last@try=\dimen145
\multicolovershoot=\dimen146
\multicolundershoot=\dimen147
\mult@nat@firstbox=\box94
\colbreak@box=\box95
\mc@col@check@num=\count199
)
(C:\Users\rhurtadoo\AppData\Local\Programs\MiKTeX\tex/latex/oberdiek\aliascnt.s
ty
Package: aliascnt 2018/09/07 v1.5 Alias counters (HO)
)
\c@chapter=\count266
LaTeX Font Info:    Redeclaring math symbol \Gamma on input line 379.
LaTeX Font Info:    Redeclaring math symbol \Delta on input line 380.
LaTeX Font Info:    Redeclaring math symbol \Theta on input line 381.
LaTeX Font Info:    Redeclaring math symbol \Lambda on input line 382.
LaTeX Font Info:    Redeclaring math symbol \Xi on input line 383.
LaTeX Font Info:    Redeclaring math symbol \Pi on input line 384.
LaTeX Font Info:    Redeclaring math symbol \Sigma on input line 385.
LaTeX Font Info:    Redeclaring math symbol \Upsilon on input line 386.
LaTeX Font Info:    Redeclaring math symbol \Phi on input line 387.
LaTeX Font Info:    Redeclaring math symbol \Psi on input line 388.
LaTeX Font Info:    Redeclaring math symbol \Omega on input line 389.
LaTeX Info: Redefining \vec on input line 394.
\tocchpnum=\dimen148
\tocsecnum=\dimen149
\tocsectotal=\dimen150
\tocsubsecnum=\dimen151
\tocsubsectotal=\dimen152
\tocsubsubsecnum=\dimen153
\tocsubsubsectotal=\dimen154
\tocparanum=\dimen155
\tocparatotal=\dimen156
\tocsubparanum=\dimen157
\@tempcntc=\count267
\fnindent=\dimen158
\c@@inst=\count268
\c@@auth=\count269
\c@auco=\count270
\instindent=\dimen159
\authrun=\box96
\authorrunning=\toks16
\tocauthor=\toks17
\titrun=\box97
\titlerunning=\toks18
\toctitle=\toks19
\c@theorem=\count271
\c@case=\count272
\c@conjecture=\count273
\c@corollary=\count274
\c@definition=\count275
\c@example=\count276
\c@exercise=\count277
\c@lemma=\count278
\c@note=\count279
\c@problem=\count280
\c@property=\count281
\c@proposition=\count282
\c@question=\count283
\c@solution=\count284
\c@remark=\count285
\headlineindent=\dimen160
)
(C:\Users\rhurtadoo\AppData\Local\Programs\MiKTeX\tex/latex/base\fontenc.sty
Package: fontenc 2021/04/29 v2.0v Standard LaTeX package
)
(C:\Users\rhurtadoo\AppData\Local\Programs\MiKTeX\tex/latex/multirow\multirow.s
ty
Package: multirow 2021/03/15 v2.8 Span multiple rows of a table
\multirow@colwidth=\skip51
\multirow@cntb=\count286
\multirow@dima=\skip52
\bigstrutjot=\dimen161
)
(C:\Users\rhurtadoo\AppData\Local\Programs\MiKTeX\tex/latex/amsmath\amsmath.sty
Package: amsmath 2021/04/20 v2.17j AMS math features
\@mathmargin=\skip53
For additional information on amsmath, use the `?' option.

(C:\Users\rhurtadoo\AppData\Local\Programs\MiKTeX\tex/latex/amsmath\amstext.sty
Package: amstext 2000/06/29 v2.01 AMS text
(C:\Users\rhurtadoo\AppData\Local\Programs\MiKTeX\tex/latex/amsmath\amsgen.sty
File: amsgen.sty 1999/11/30 v2.0 generic functions
\@emptytoks=\toks20
\ex@=\dimen162
))
(C:\Users\rhurtadoo\AppData\Local\Programs\MiKTeX\tex/latex/amsmath\amsbsy.sty
Package: amsbsy 1999/11/29 v1.2d Bold Symbols
\pmbraise@=\dimen163
) (C:\Users\rhurtadoo\AppData\Local\Programs\MiKTeX\tex/latex/amsmath\amsopn.st
y
Package: amsopn 2016/03/08 v2.02 operator names
)
\inf@bad=\count287
LaTeX Info: Redefining \frac on input line 234.
\uproot@=\count288
\leftroot@=\count289
LaTeX Info: Redefining \overline on input line 399.
\classnum@=\count290
\DOTSCASE@=\count291
LaTeX Info: Redefining \ldots on input line 496.
LaTeX Info: Redefining \dots on input line 499.
LaTeX Info: Redefining \cdots on input line 620.
\Mathstrutbox@=\box98
\strutbox@=\box99
\big@size=\dimen164
LaTeX Font Info:    Redeclaring font encoding OML on input line 743.
LaTeX Font Info:    Redeclaring font encoding OMS on input line 744.


Package amsmath Warning: Unable to redefine math accent \vec.

\macc@depth=\count292
\c@MaxMatrixCols=\count293
\dotsspace@=\muskip16
\c@parentequation=\count294
\dspbrk@lvl=\count295
\tag@help=\toks21
\row@=\count296
\column@=\count297
\maxfields@=\count298
\andhelp@=\toks22
\eqnshift@=\dimen165
\alignsep@=\dimen166
\tagshift@=\dimen167
\tagwidth@=\dimen168
\totwidth@=\dimen169
\lineht@=\dimen170
\@envbody=\toks23
\multlinegap=\skip54
\multlinetaggap=\skip55
\mathdisplay@stack=\toks24
LaTeX Info: Redefining \[ on input line 2923.
LaTeX Info: Redefining \] on input line 2924.
)
(C:\Users\rhurtadoo\AppData\Local\Programs\MiKTeX\tex/latex/graphics\graphicx.s
ty
Package: graphicx 2020/12/05 v1.2c Enhanced LaTeX Graphics (DPC,SPQR)

(C:\Users\rhurtadoo\AppData\Local\Programs\MiKTeX\tex/latex/graphics\keyval.sty
Package: keyval 2014/10/28 v1.15 key=value parser (DPC)
\KV@toks@=\toks25
)
(C:\Users\rhurtadoo\AppData\Local\Programs\MiKTeX\tex/latex/graphics\graphics.s
ty
Package: graphics 2021/03/04 v1.4d Standard LaTeX Graphics (DPC,SPQR)

(C:\Users\rhurtadoo\AppData\Local\Programs\MiKTeX\tex/latex/graphics\trig.sty
Package: trig 2016/01/03 v1.10 sin cos tan (DPC)
)
(C:\Users\rhurtadoo\AppData\Local\Programs\MiKTeX\tex/latex/graphics-cfg\graphi
cs.cfg
File: graphics.cfg 2016/06/04 v1.11 sample graphics configuration
)
Package graphics Info: Driver file: pdftex.def on input line 107.

(C:\Users\rhurtadoo\AppData\Local\Programs\MiKTeX\tex/latex/graphics-def\pdftex
.def
File: pdftex.def 2020/10/05 v1.2a Graphics/color driver for pdftex
))
\Gin@req@height=\dimen171
\Gin@req@width=\dimen172
)
(C:\Users\rhurtadoo\AppData\Local\Programs\MiKTeX\tex/latex/float\float.sty
Package: float 2001/11/08 v1.3d Float enhancements (AL)
\c@float@type=\count299
\float@exts=\toks26
\float@box=\box100
\@float@everytoks=\toks27
\@floatcapt=\box101
)
(C:\Users\rhurtadoo\AppData\Local\Programs\MiKTeX\tex/latex/l3backend\l3backend
-pdftex.def
File: l3backend-pdftex.def 2021-05-07 L3 backend support: PDF output (pdfTeX)
\l__color_backend_stack_int=\count300
\l__pdf_internal_box=\box102
) (paper.aux)
\openout1 = `paper.aux'.

LaTeX Font Info:    Checking defaults for OML/cmm/m/it on input line 26.
LaTeX Font Info:    ... okay on input line 26.
LaTeX Font Info:    Checking defaults for OMS/cmsy/m/n on input line 26.
LaTeX Font Info:    ... okay on input line 26.
LaTeX Font Info:    Checking defaults for OT1/cmr/m/n on input line 26.
LaTeX Font Info:    ... okay on input line 26.
LaTeX Font Info:    Checking defaults for T1/cmr/m/n on input line 26.
LaTeX Font Info:    ... okay on input line 26.
LaTeX Font Info:    Checking defaults for TS1/cmr/m/n on input line 26.
LaTeX Font Info:    ... okay on input line 26.
LaTeX Font Info:    Checking defaults for OMX/cmex/m/n on input line 26.
LaTeX Font Info:    ... okay on input line 26.
LaTeX Font Info:    Checking defaults for U/cmr/m/n on input line 26.
LaTeX Font Info:    ... okay on input line 26.

(C:\Users\rhurtadoo\AppData\Local\Programs\MiKTeX\tex/context/base/mkii\supp-pd
f.mkii
[Loading MPS to PDF converter (version 2006.09.02).]
\scratchcounter=\count301
\scratchdimen=\dimen173
\scratchbox=\box103
\nofMPsegments=\count302
\nofMParguments=\count303
\everyMPshowfont=\toks28
\MPscratchCnt=\count304
\MPscratchDim=\dimen174
\MPnumerator=\count305
\makeMPintoPDFobject=\count306
\everyMPtoPDFconversion=\toks29
)
(C:\Users\rhurtadoo\AppData\Local\Programs\MiKTeX\tex/latex/epstopdf-pkg\epstop
df-base.sty
Package: epstopdf-base 2020-01-24 v2.11 Base part for package epstopdf
Package epstopdf-base Info: Redefining graphics rule for `.eps' on input line 4
85.

(C:\Users\rhurtadoo\AppData\Local\Programs\MiKTeX\tex/latex/00miktex\epstopdf-s
ys.cfg
File: epstopdf-sys.cfg 2021/03/18 v2.0 Configuration of epstopdf for MiKTeX
))
LaTeX Font Info:    Trying to load font information for T1+cmtt on input line 4
7.

(C:\Users\rhurtadoo\AppData\Local\Programs\MiKTeX\tex/latex/base\t1cmtt.fd
File: t1cmtt.fd 2019/12/16 v2.5j Standard LaTeX font definitions
)
Overfull \hbox (0.48602pt too wide) in paragraph at lines 61--62
\T1/cmr/m/n/10 pet-i-tive op-er-a-tion of the bank-ing in-dus-try. Op-ti-miz-in
g fund pro-cure-ment through
 []


Underfull \hbox (badness 10000) in paragraph at lines 61--62

 []

[1

{C:/Users/rhurtadoo/AppData/Local/MiKTeX/pdftex/config/pdftex.map}]
Underfull \hbox (badness 10000) in paragraph at lines 77--78

 []

[2] [3]
<Figures/1.FigureMethod.png, id=20, 421.575pt x 289.83281pt>
File: Figures/1.FigureMethod.png Graphic file (type png)
<use Figures/1.FigureMethod.png>
Package pdftex.def Info: Figures/1.FigureMethod.png  used on input line 87.
(pdftex.def)             Requested size: 277.69987pt x 190.92317pt.

Underfull \hbox (badness 10000) in paragraph at lines 92--93

 []


Underfull \vbox (badness 1755) has occurred while \output is active []

 [4 <./Figures/1.FigureMethod.png>] [5] [6]
Underfull \hbox (badness 10000) in paragraph at lines 201--202

 []

[7]
<Figures/3.Figure_Corr_Relevants.png, id=49, 298.86656pt x 114.4275pt>
File: Figures/3.Figure_Corr_Relevants.png Graphic file (type png)
<use Figures/3.Figure_Corr_Relevants.png>
Package pdftex.def Info: Figures/3.Figure_Corr_Relevants.png  used on input lin
e 205.
(pdftex.def)             Requested size: 173.56177pt x 66.4518pt.
<Figures/4.Fine Tuning 2.png, id=50, 759.83875pt x 569.12625pt>
File: Figures/4.Fine Tuning 2.png Graphic file (type png)
<use Figures/4.Fine Tuning 2.png>
Package pdftex.def Info: Figures/4.Fine Tuning 2.png  used on input line 212.
(pdftex.def)             Requested size: 312.40906pt x 234.00327pt.

Underfull \vbox (badness 1365) has occurred while \output is active []

 [8 <./Figures/3.Figure_Corr_Relevants.png>]
<Figures/5.Figure_RelevantFeaturesFull.png, id=55, 554.07pt x 804.00375pt>
File: Figures/5.Figure_RelevantFeaturesFull.png Graphic file (type png)
<use Figures/5.Figure_RelevantFeaturesFull.png>
Package pdftex.def Info: Figures/5.Figure_RelevantFeaturesFull.png  used on inp
ut line 221.
(pdftex.def)             Requested size: 347.12354pt x 503.70338pt.

Underfull \vbox (badness 10000) has occurred while \output is active []

 [9 <./Figures/4.Fine Tuning 2.png>]
Overfull \vbox (8.56511pt too high) has occurred while \output is active []


[10 <./Figures/5.Figure_RelevantFeaturesFull.png>]
Underfull \hbox (badness 10000) in paragraph at lines 253--254

 []

[11] [12] (paper.aux) ) 
Here is how much of TeX's memory you used:
 2735 strings out of 478864
 38667 string characters out of 2846764
 354385 words of memory out of 3000000
 20637 multiletter control sequences out of 15000+600000
 413658 words of font info for 48 fonts, out of 8000000 for 9000
 1141 hyphenation exceptions out of 8191
 57i,12n,66p,3967b,321s stack positions out of 5000i,500n,10000p,200000b,80000s
 <C:\Users\rhurtadoo\AppData\Local\MiKTeX\fonts/pk/ljfou
r/jknappen/ec/dpi600\ecti0900.pk> <C:\Users\rhurtadoo\AppData\Local\MiKTeX\font
s/pk/ljfour/jknappen/ec/dpi600\ecbx1000.pk> <C:\Users\rhurtadoo\AppData\Local\M
iKTeX\fonts/pk/ljfour/jknappen/ec/dpi600\ecbx1200.pk> <C:\Users\rhurtadoo\AppDa
ta\Local\MiKTeX\fonts/pk/ljfour/jknappen/ec/dpi600\tcrm0900.pk> <C:\Users\rhurt
adoo\AppData\Local\MiKTeX\fonts/pk/ljfour/jknappen/ec/dpi600\ecbx0900.pk> <C:\U
sers\rhurtadoo\AppData\Local\MiKTeX\fonts/pk/ljfour/jknappen/ec/dpi600\ectt0900
.pk> <C:\Users\rhurtadoo\AppData\Local\MiKTeX\fonts/pk/ljfour/jknappen/ec/dpi60
0\ecrm0900.pk> <C:\Users\rhurtadoo\AppData\Local\MiKTeX\fonts/pk/ljfour/jknappe
n/ec/dpi600\ecrm1000.pk> <C:\Users\rhurtadoo\AppData\Local\MiKTeX\fonts/pk/ljfo
ur/jknappen/ec/dpi600\ecbx1440.pk><C:/Users/rhurtadoo/AppData/Local/Programs/Mi
KTeX/fonts/type1/public/amsfonts/cmextra/cmex7.pfb><C:/Users/rhurtadoo/AppData/
Local/Programs/MiKTeX/fonts/type1/public/amsfonts/cmextra/cmex9.pfb><C:/Users/r
hurtadoo/AppData/Local/Programs/MiKTeX/fonts/type1/public/amsfonts/cm/cmmi10.pf
b><C:/Users/rhurtadoo/AppData/Local/Programs/MiKTeX/fonts/type1/public/amsfonts
/cm/cmmi5.pfb><C:/Users/rhurtadoo/AppData/Local/Programs/MiKTeX/fonts/type1/pub
lic/amsfonts/cm/cmmi6.pfb><C:/Users/rhurtadoo/AppData/Local/Programs/MiKTeX/fon
ts/type1/public/amsfonts/cm/cmmi9.pfb><C:/Users/rhurtadoo/AppData/Local/Program
s/MiKTeX/fonts/type1/public/amsfonts/cm/cmr10.pfb><C:/Users/rhurtadoo/AppData/L
ocal/Programs/MiKTeX/fonts/type1/public/amsfonts/cm/cmr5.pfb><C:/Users/rhurtado
o/AppData/Local/Programs/MiKTeX/fonts/type1/public/amsfonts/cm/cmr6.pfb><C:/Use
rs/rhurtadoo/AppData/Local/Programs/MiKTeX/fonts/type1/public/amsfonts/cm/cmr7.
pfb><C:/Users/rhurtadoo/AppData/Local/Programs/MiKTeX/fonts/type1/public/amsfon
ts/cm/cmr9.pfb><C:/Users/rhurtadoo/AppData/Local/Programs/MiKTeX/fonts/type1/pu
blic/amsfonts/cm/cmsy6.pfb><C:/Users/rhurtadoo/AppData/Local/Programs/MiKTeX/fo
nts/type1/public/amsfonts/cm/cmsy9.pfb>
Output written on paper.pdf (12 pages, 459188 bytes).
PDF statistics:
 497 PDF objects out of 1000 (max. 8388607)
 0 named destinations out of 1000 (max. 500000)
 21 words of extra memory for PDF output out of 10000 (max. 10000000)

